Build started 7/23/2015 3:43:46 PM.
     1>Project "C:\Users\Nishant\Desktop\repo\3DHeadPoseEstimation-v1\3DHeadPoseEstimation\3DHeadPoseEstimation_1.vcxproj" on node 2 (Build target(s)).
     1>C:\Program Files (x86)\MSBuild\Microsoft.Cpp\v4.0\V120\Microsoft.CppBuild.targets(388,5): warning MSB8028: The intermediate directory (Debug\) contains files shared from another project (3DHeadPoseEstimation.vcxproj).  This can lead to incorrect clean and rebuild behavior.
     1>ClCompile:
         C:\Program Files (x86)\Microsoft Visual Studio 12.0\VC\bin\CL.exe /c /I"C:\Users\Nishant\Desktop\repo\3DHeadPoseEstimation-v1\packages\nupengl.core.0.0.0.1\build\native\../..//build/native/include/" /I"C:\Program Files\Microsoft SDKs\Kinect\v2.0_1409\inc" /ZI /nologo /W3 /WX- /sdl /Od /Oy- /D WIN32 /D _DEBUG /D _CONSOLE /D _LIB /D _UNICODE /D UNICODE /Gm /EHsc /RTC1 /MDd /GS /fp:precise /Zc:wchar_t /Zc:forScope /Fo"Debug\\" /Fd"Debug\vc120.pdb" /Gd /TP /analyze- /errorReport:prompt 3DHeadPoseEstimation.cpp stdafx.cpp
         3DHeadPoseEstimation.cpp
     1>c:\users\nishant\desktop\repo\3dheadposeestimation-v1\3dheadposeestimation\3dheadposeestimation.cpp(339): warning C4244: '=' : conversion from 'int' to 'float', possible loss of data
     1>c:\users\nishant\desktop\repo\3dheadposeestimation-v1\3dheadposeestimation\3dheadposeestimation.cpp(340): warning C4244: '=' : conversion from 'int' to 'float', possible loss of data
     1>c:\users\nishant\desktop\repo\3dheadposeestimation-v1\3dheadposeestimation\3dheadposeestimation.cpp(378): warning C4244: '=' : conversion from 'int' to 'float', possible loss of data
     1>c:\users\nishant\desktop\repo\3dheadposeestimation-v1\3dheadposeestimation\3dheadposeestimation.cpp(379): warning C4244: '=' : conversion from 'int' to 'float', possible loss of data
     1>c:\users\nishant\desktop\repo\3dheadposeestimation-v1\3dheadposeestimation\3dheadposeestimation.cpp(380): warning C4244: '=' : conversion from 'int' to 'float', possible loss of data
     1>c:\users\nishant\desktop\repo\3dheadposeestimation-v1\3dheadposeestimation\3dheadposeestimation.cpp(381): warning C4244: '=' : conversion from 'int' to 'float', possible loss of data
     1>c:\users\nishant\desktop\repo\3dheadposeestimation-v1\3dheadposeestimation\3dheadposeestimation.cpp(384): warning C4244: 'argument' : conversion from 'long double' to 'UINT16', possible loss of data
     1>c:\users\nishant\desktop\repo\3dheadposeestimation-v1\3dheadposeestimation\3dheadposeestimation.cpp(385): warning C4244: 'argument' : conversion from 'long double' to 'UINT16', possible loss of data
         Generating Code...
         Skipping... (no relevant changes detected)
         stdafx.cpp
       Link:
         C:\Program Files (x86)\Microsoft Visual Studio 12.0\VC\bin\link.exe /ERRORREPORT:PROMPT /OUT:"C:\Users\Nishant\Desktop\repo\3DHeadPoseEstimation-v1\3DHeadPoseEstimation\Debug\3DHeadPoseEstimation.exe" /INCREMENTAL /NOLOGO /LIBPATH:"C:\Program Files\Microsoft SDKs\Kinect\v2.0_1409\Lib\x86" "C:\Users\Nishant\Desktop\repo\3DHeadPoseEstimation-v1\packages\nupengl.core.0.0.0.1\build\native\../..//build/native/lib/Win32\v120\glew32.lib" "C:\Users\Nishant\Desktop\repo\3DHeadPoseEstimation-v1\packages\nupengl.core.0.0.0.1\build\native\../..//build/native/lib/Win32\v120\glfw3dll.lib" "C:\Users\Nishant\Desktop\repo\3DHeadPoseEstimation-v1\packages\nupengl.core.0.0.0.1\build\native\../..//build/native/lib/Win32\v120\freeglut.lib" "C:\Program Files\Microsoft SDKs\Kinect\v2.0_1409\Lib\x86\Kinect20.lib" opencv_calib3d2411d.lib opencv_contrib2411d.lib opencv_core2411d.lib opencv_features2d2411d.lib opencv_flann2411d.lib opencv_gpu2411d.lib opencv_highgui2411d.lib opencv_imgproc2411d.lib opencv_legacy2411d.lib opencv_ml2411d.lib opencv_nonfree2411d.lib opencv_objdetect2411d.lib opencv_photo2411d.lib opencv_stitching2411d.lib opencv_ts2411d.lib opencv_video2411d.lib opencv_videostab2411d.lib kernel32.lib user32.lib gdi32.lib winspool.lib comdlg32.lib advapi32.lib shell32.lib ole32.lib oleaut32.lib uuid.lib odbc32.lib odbccp32.lib /MANIFEST /MANIFESTUAC:"level='asInvoker' uiAccess='false'" /manifest:embed /DEBUG /PDB:"C:\Users\Nishant\Desktop\repo\3DHeadPoseEstimation-v1\3DHeadPoseEstimation\Debug\3DHeadPoseEstimation.pdb" /SUBSYSTEM:CONSOLE /TLBID:1 /DYNAMICBASE /NXCOMPAT /IMPLIB:"C:\Users\Nishant\Desktop\repo\3DHeadPoseEstimation-v1\3DHeadPoseEstimation\Debug\3DHeadPoseEstimation.lib" /MACHINE:X86 Debug\3DHeadPoseEstimation.obj
         Debug\stdafx.obj
         3DHeadPoseEstimation_1.vcxproj -> C:\Users\Nishant\Desktop\repo\3DHeadPoseEstimation-v1\3DHeadPoseEstimation\Debug\3DHeadPoseEstimation.exe
     1>Done Building Project "C:\Users\Nishant\Desktop\repo\3DHeadPoseEstimation-v1\3DHeadPoseEstimation\3DHeadPoseEstimation_1.vcxproj" (Build target(s)).

Build succeeded.

Time Elapsed 00:00:02.75
